2019-02-08 19:13:50.836  INFO INMAAUVAIAHAM1P --- [  restartedMain] c.c.t.a.TransactionApplication           : No active profile set, falling back to default profiles: default
2019-02-08 19:13:51.165  INFO INMAAUVAIAHAM1P --- [  restartedMain] o.s.b.w.e.t.TomcatWebServer              : Tomcat initialized with port(s): 8089 (http)
2019-02-08 19:13:51.166  INFO INMAAUVAIAHAM1P --- [  restartedMain] o.a.c.h.Http11NioProtocol                : Initializing ProtocolHandler ["http-nio-8089"]
2019-02-08 19:13:51.167  INFO INMAAUVAIAHAM1P --- [  restartedMain] o.a.c.c.StandardService                  : Starting service [Tomcat]
2019-02-08 19:13:51.176  INFO INMAAUVAIAHAM1P --- [  restartedMain] o.a.c.c.StandardEngine                   : Starting Servlet Engine: Apache Tomcat/9.0.13
2019-02-08 19:13:51.202  INFO INMAAUVAIAHAM1P --- [  restartedMain] o.a.c.c.C.[.[.[/]                        : Initializing Spring embedded WebApplicationContext
2019-02-08 19:13:51.203  INFO INMAAUVAIAHAM1P --- [  restartedMain] o.s.w.c.ContextLoader                    : Root WebApplicationContext: initialization completed in 361 ms
2019-02-08 19:13:51.314  INFO INMAAUVAIAHAM1P --- [  restartedMain] o.s.s.c.ThreadPoolTaskExecutor           : Initializing ExecutorService 'applicationTaskExecutor'
2019-02-08 19:13:51.405  INFO INMAAUVAIAHAM1P --- [  restartedMain] o.s.b.d.a.OptionalLiveReloadServer       : LiveReload server is running on port 35729
2019-02-08 19:13:51.408  INFO INMAAUVAIAHAM1P --- [  restartedMain] o.s.b.a.e.w.EndpointLinksResolver        : Exposing 2 endpoint(s) beneath base path '/actuator'
2019-02-08 19:13:51.418  INFO INMAAUVAIAHAM1P --- [  restartedMain] o.a.c.h.Http11NioProtocol                : Starting ProtocolHandler ["http-nio-8089"]
2019-02-08 19:13:51.420  INFO INMAAUVAIAHAM1P --- [  restartedMain] o.a.t.u.n.NioSelectorPool                : Using a shared selector for servlet write/read
2019-02-08 19:13:51.424  INFO INMAAUVAIAHAM1P --- [  restartedMain] o.s.b.w.e.t.TomcatWebServer              : Tomcat started on port(s): 8089 (http) with context path ''
2019-02-08 19:13:51.424  INFO INMAAUVAIAHAM1P --- [  restartedMain] c.c.t.a.TransactionApplication           : Started TransactionApplication in 0.625 seconds (JVM running for 135.494)
2019-02-08 19:13:51.427  INFO INMAAUVAIAHAM1P --- [  restartedMain] .ConditionEvaluationDeltaLoggingListener : Condition evaluation unchanged
2019-02-08 19:13:57.581  INFO INMAAUVAIAHAM1P --- [nio-8089-exec-2] o.a.c.c.C.[.[.[/]                        : Initializing Spring DispatcherServlet 'dispatcherServlet'
2019-02-08 19:13:57.581  INFO INMAAUVAIAHAM1P --- [nio-8089-exec-2] o.s.w.s.DispatcherServlet                : Initializing Servlet 'dispatcherServlet'
2019-02-08 19:13:57.590  INFO INMAAUVAIAHAM1P --- [nio-8089-exec-2] o.s.w.s.DispatcherServlet                : Completed initialization in 9 ms
2019-02-09 12:27:21.708  INFO MODRIA-PRAKASHV --- [           main] .b.t.c.SpringBootTestContextBootstrapper : Neither @ContextConfiguration nor @ContextHierarchy found for test class [com.core.transaction.application.TransactionValidationTest], using SpringBootContextLoader
2019-02-09 12:27:21.739  INFO MODRIA-PRAKASHV --- [           main] o.s.t.c.s.AbstractContextLoader          : Could not detect default resource locations for test class [com.core.transaction.application.TransactionValidationTest]: no resource found for suffixes {-context.xml, Context.groovy}.
2019-02-09 12:27:22.161  INFO MODRIA-PRAKASHV --- [           main] .b.t.c.SpringBootTestContextBootstrapper : Loaded default TestExecutionListener class names from location [META-INF/spring.factories]: [org.springframework.boot.test.mock.mockito.MockitoTestExecutionListener, org.springframework.boot.test.mock.mockito.ResetMocksTestExecutionListener, org.springframework.boot.test.autoconfigure.restdocs.RestDocsTestExecutionListener, org.springframework.boot.test.autoconfigure.web.client.MockRestServiceServerResetTestExecutionListener, org.springframework.boot.test.autoconfigure.web.servlet.MockMvcPrintOnlyOnFailureTestExecutionListener, org.springframework.boot.test.autoconfigure.web.servlet.WebDriverTestExecutionListener, org.springframework.test.context.web.ServletTestExecutionListener, org.springframework.test.context.support.DirtiesContextBeforeModesTestExecutionListener, org.springframework.test.context.support.DependencyInjectionTestExecutionListener, org.springframework.test.context.support.DirtiesContextTestExecutionListener, org.springframework.test.context.transaction.TransactionalTestExecutionListener, org.springframework.test.context.jdbc.SqlScriptsTestExecutionListener]
2019-02-09 12:27:22.181  INFO MODRIA-PRAKASHV --- [           main] .b.t.c.SpringBootTestContextBootstrapper : Using TestExecutionListeners: [org.springframework.test.context.web.ServletTestExecutionListener@d9345cd, org.springframework.test.context.support.DirtiesContextBeforeModesTestExecutionListener@2d710f1a, org.springframework.boot.test.mock.mockito.MockitoTestExecutionListener@29215f06, org.springframework.boot.test.autoconfigure.SpringBootDependencyInjectionTestExecutionListener@59505b48, org.springframework.test.context.support.DirtiesContextTestExecutionListener@4efac082, org.springframework.boot.test.mock.mockito.ResetMocksTestExecutionListener@6bd61f98, org.springframework.boot.test.autoconfigure.restdocs.RestDocsTestExecutionListener@48aca48b, org.springframework.boot.test.autoconfigure.web.client.MockRestServiceServerResetTestExecutionListener@13fd2ccd, org.springframework.boot.test.autoconfigure.web.servlet.MockMvcPrintOnlyOnFailureTestExecutionListener@b9b00e0, org.springframework.boot.test.autoconfigure.web.servlet.WebDriverTestExecutionListener@506ae4d4]
2019-02-09 12:27:22.963  INFO MODRIA-PRAKASHV --- [           main] c.c.t.a.TransactionValidationTest        : Starting TransactionValidationTest on MODRIA-PRAKASHV with PID 8508 (started by core in C:\Users\core\Downloads\transaction-service\transaction-service)
2019-02-09 12:27:22.965  INFO MODRIA-PRAKASHV --- [           main] c.c.t.a.TransactionValidationTest        : No active profile set, falling back to default profiles: default
2019-02-09 12:27:26.914  INFO MODRIA-PRAKASHV --- [           main] o.s.s.c.ThreadPoolTaskExecutor           : Initializing ExecutorService 'applicationTaskExecutor'
2019-02-09 12:27:28.496  INFO MODRIA-PRAKASHV --- [           main] o.s.b.a.e.w.EndpointLinksResolver        : Exposing 2 endpoint(s) beneath base path '/actuator'
2019-02-09 12:27:28.612  INFO MODRIA-PRAKASHV --- [           main] c.c.t.a.TransactionValidationTest        : Started TransactionValidationTest in 6.321 seconds (JVM running for 9.9)
2019-02-09 12:27:29.176  INFO MODRIA-PRAKASHV --- [           main] o.s.b.t.m.w.SpringBootMockServletContext : Initializing Spring TestDispatcherServlet ''
2019-02-09 12:27:29.176  INFO MODRIA-PRAKASHV --- [           main] o.s.t.w.s.TestDispatcherServlet          : Initializing Servlet ''
2019-02-09 12:27:29.206  INFO MODRIA-PRAKASHV --- [           main] o.s.t.w.s.TestDispatcherServlet          : Completed initialization in 30 ms
2019-02-09 12:27:29.366  WARN MODRIA-PRAKASHV --- [           main] .w.s.m.s.DefaultHandlerExceptionResolver : Resolved [org.springframework.web.HttpRequestMethodNotSupportedException: Request method 'GET' not supported]
2019-02-09 12:27:29.406  INFO MODRIA-PRAKASHV --- [           main] o.s.b.t.m.w.SpringBootMockServletContext : Initializing Spring TestDispatcherServlet ''
2019-02-09 12:27:29.406  INFO MODRIA-PRAKASHV --- [           main] o.s.t.w.s.TestDispatcherServlet          : Initializing Servlet ''
2019-02-09 12:27:29.406  INFO MODRIA-PRAKASHV --- [           main] o.s.t.w.s.TestDispatcherServlet          : Completed initialization in 0 ms
2019-02-09 12:27:29.426  INFO MODRIA-PRAKASHV --- [       Thread-5] o.s.s.c.ThreadPoolTaskExecutor           : Shutting down ExecutorService 'applicationTaskExecutor'
2019-02-09 12:29:47.333  INFO MODRIA-PRAKASHV --- [           main] .b.t.c.SpringBootTestContextBootstrapper : Neither @ContextConfiguration nor @ContextHierarchy found for test class [com.core.transaction.application.TransactionValidationTest], using SpringBootContextLoader
2019-02-09 12:29:47.353  INFO MODRIA-PRAKASHV --- [           main] o.s.t.c.s.AbstractContextLoader          : Could not detect default resource locations for test class [com.core.transaction.application.TransactionValidationTest]: no resource found for suffixes {-context.xml, Context.groovy}.
2019-02-09 12:29:47.735  INFO MODRIA-PRAKASHV --- [           main] .b.t.c.SpringBootTestContextBootstrapper : Loaded default TestExecutionListener class names from location [META-INF/spring.factories]: [org.springframework.boot.test.mock.mockito.MockitoTestExecutionListener, org.springframework.boot.test.mock.mockito.ResetMocksTestExecutionListener, org.springframework.boot.test.autoconfigure.restdocs.RestDocsTestExecutionListener, org.springframework.boot.test.autoconfigure.web.client.MockRestServiceServerResetTestExecutionListener, org.springframework.boot.test.autoconfigure.web.servlet.MockMvcPrintOnlyOnFailureTestExecutionListener, org.springframework.boot.test.autoconfigure.web.servlet.WebDriverTestExecutionListener, org.springframework.test.context.web.ServletTestExecutionListener, org.springframework.test.context.support.DirtiesContextBeforeModesTestExecutionListener, org.springframework.test.context.support.DependencyInjectionTestExecutionListener, org.springframework.test.context.support.DirtiesContextTestExecutionListener, org.springframework.test.context.transaction.TransactionalTestExecutionListener, org.springframework.test.context.jdbc.SqlScriptsTestExecutionListener]
2019-02-09 12:29:47.758  INFO MODRIA-PRAKASHV --- [           main] .b.t.c.SpringBootTestContextBootstrapper : Using TestExecutionListeners: [org.springframework.test.context.web.ServletTestExecutionListener@d9345cd, org.springframework.test.context.support.DirtiesContextBeforeModesTestExecutionListener@2d710f1a, org.springframework.boot.test.mock.mockito.MockitoTestExecutionListener@29215f06, org.springframework.boot.test.autoconfigure.SpringBootDependencyInjectionTestExecutionListener@59505b48, org.springframework.test.context.support.DirtiesContextTestExecutionListener@4efac082, org.springframework.boot.test.mock.mockito.ResetMocksTestExecutionListener@6bd61f98, org.springframework.boot.test.autoconfigure.restdocs.RestDocsTestExecutionListener@48aca48b, org.springframework.boot.test.autoconfigure.web.client.MockRestServiceServerResetTestExecutionListener@13fd2ccd, org.springframework.boot.test.autoconfigure.web.servlet.MockMvcPrintOnlyOnFailureTestExecutionListener@b9b00e0, org.springframework.boot.test.autoconfigure.web.servlet.WebDriverTestExecutionListener@506ae4d4]
